<?xml version="1.0" encoding="UTF-8"?>
<!-- Generated by org.testng.reporters.JUnitReportReporter -->
<testsuite hostname="SSPL-LPTP-374" failures="0" tests="1" name="TestCases.GoogleAPIGetValidations" time="1.396" errors="0" timestamp="2025-04-24T15:41:27 IST" skipped="0">
  <testcase classname="TestCases.GoogleAPIGetValidations" name="getapivalidations" time="1.396"/>
</testsuite> <!-- TestCases.GoogleAPIGetValidations -->
