<?xml version="1.0" encoding="UTF-8"?>
<!-- Generated by org.testng.reporters.JUnitReportReporter -->
<testsuite hostname="SSPL-LPTP-374" failures="0" tests="7" name="academiatestcases.TC02ProgramTestCases" time="4.209" errors="0" timestamp="2025-05-14T14:11:56 IST" skipped="0">
  <testcase classname="academiatestcases.TC02ProgramTestCases" name="courseMappingwithBatch" time="0.214"/>
  <testcase classname="academiatestcases.TC02ProgramTestCases" name="programSearch" time="0.734"/>
  <testcase classname="academiatestcases.TC02ProgramTestCases" name="creatNewProgramBatch" time="0.302"/>
  <testcase classname="academiatestcases.TC02ProgramTestCases" name="creatNewProgram" time="0.548"/>
  <testcase classname="academiatestcases.TC02ProgramTestCases" name="creatSeatcType" time="0.214"/>
  <testcase classname="academiatestcases.TC02ProgramTestCases" name="creatPeriod" time="0.320"/>
  <testcase classname="academiatestcases.TC02ProgramTestCases" name="creatNewCourse" time="1.877"/>
</testsuite> <!-- academiatestcases.TC02ProgramTestCases -->
