<?xml version="1.0" encoding="UTF-8"?>
<!-- Generated by org.testng.reporters.JUnitReportReporter -->
<testsuite hostname="SSPL-LPTP-384" failures="0" tests="1" name="academiatestcases.TC02ProgramTestCases" time="2.021" errors="0" timestamp="2025-05-14T11:04:31 IST" skipped="0">
  <testcase classname="academiatestcases.TC02ProgramTestCases" name="creatNewCourse" time="2.021"/>
</testsuite> <!-- academiatestcases.TC02ProgramTestCases -->
