<?xml version="1.0" encoding="UTF-8"?>
<!-- Generated by org.testng.reporters.JUnitReportReporter -->
<testsuite hostname="SSPL-LPTP-384" failures="0" tests="1" name="academiatestcases.TC03AdmissionTestCases" time="8.115" errors="0" timestamp="2025-05-14T12:09:11 IST" skipped="0">
  <testcase classname="academiatestcases.TC03AdmissionTestCases" name="creatNewCourse" time="8.115"/>
</testsuite> <!-- academiatestcases.TC03AdmissionTestCases -->
