<?xml version="1.0" encoding="UTF-8"?>
<!-- Generated by org.testng.reporters.JUnitReportReporter -->
<testsuite hostname="SSPL-LPTP-384" failures="0" tests="3" name="academiatestcases.TC02ProgramTestCases" time="4.719" errors="0" timestamp="2025-05-13T16:46:18 IST" skipped="0">
  <testcase classname="academiatestcases.TC02ProgramTestCases" name="programSearch" time="1.124"/>
  <testcase classname="academiatestcases.TC02ProgramTestCases" name="creatNewProgram" time="1.238"/>
  <testcase classname="academiatestcases.TC02ProgramTestCases" name="creatNewCourse" time="2.357"/>
</testsuite> <!-- academiatestcases.TC02ProgramTestCases -->
