<?xml version="1.0" encoding="UTF-8"?>
<!-- Generated by org.testng.reporters.JUnitReportReporter -->
<testsuite hostname="SSPL-LPTP-374" failures="0" tests="7" name="academiatestcases.TC02ProgramTestCases" time="17.151" errors="0" timestamp="2025-05-14T10:08:22 IST" skipped="0">
  <testcase classname="academiatestcases.TC02ProgramTestCases" name="programSearch" time="1.445"/>
  <testcase classname="academiatestcases.TC02ProgramTestCases" name="creatPeriod" time="1.886"/>
  <testcase classname="academiatestcases.TC02ProgramTestCases" name="creatNewProgram" time="3.869"/>
  <testcase classname="academiatestcases.TC02ProgramTestCases" name="courseMappingwithBatch" time="2.063"/>
  <testcase classname="academiatestcases.TC02ProgramTestCases" name="creatSeatcType" time="1.287"/>
  <testcase classname="academiatestcases.TC02ProgramTestCases" name="creatNewProgramBatch" time="1.846"/>
  <testcase classname="academiatestcases.TC02ProgramTestCases" name="creatNewCourse" time="4.755"/>
</testsuite> <!-- academiatestcases.TC02ProgramTestCases -->
