<?xml version="1.0" encoding="UTF-8"?>
<!-- Generated by org.testng.reporters.JUnitReportReporter -->
<testsuite hostname="SSPL-LPTP-374" failures="0" tests="5" name="academiatestcases.TC01AlumniNewsFeedValidation" time="3.775" errors="0" timestamp="2025-05-12T15:59:17 IST" skipped="1">
  <testcase classname="academiatestcases.TC01AlumniNewsFeedValidation" name="editalumninewsandfeeds" time="0.477"/>
  <testcase classname="academiatestcases.TC01AlumniNewsFeedValidation" name="searchalumninewsandfeeds" time="0.958"/>
  <testcase classname="academiatestcases.TC01AlumniNewsFeedValidation" name="postalumninewsandfeeds" time="1.806"/>
  <testcase classname="academiatestcases.TC01AlumniNewsFeedValidation" name="validatealumninewsandfeeds" time="0.534"/>
  <testcase classname="academiatestcases.TC01AlumniNewsFeedValidation" name="deletealumninewsandfeeds">
    <skipped/>
  </testcase> <!-- deletealumninewsandfeeds -->
</testsuite> <!-- academiatestcases.TC01AlumniNewsFeedValidation -->
