<?xml version="1.0" encoding="UTF-8"?>
<!-- Generated by org.testng.reporters.JUnitReportReporter -->
<testsuite hostname="SSPL-LPTP-374" failures="0" tests="7" name="academiatestcases.TC02ProgramTestCases" time="6.563" errors="0" timestamp="2025-05-13T18:26:08 IST" skipped="0">
  <testcase classname="academiatestcases.TC02ProgramTestCases" name="creatNewProgram" time="1.403"/>
  <testcase classname="academiatestcases.TC02ProgramTestCases" name="creatSeatcType" time="0.558"/>
  <testcase classname="academiatestcases.TC02ProgramTestCases" name="creatPeriod" time="0.545"/>
  <testcase classname="academiatestcases.TC02ProgramTestCases" name="programSearch" time="1.020"/>
  <testcase classname="academiatestcases.TC02ProgramTestCases" name="creatNewProgramBatch" time="0.564"/>
  <testcase classname="academiatestcases.TC02ProgramTestCases" name="courseMappingwithBatch" time="0.482"/>
  <testcase classname="academiatestcases.TC02ProgramTestCases" name="creatNewCourse" time="1.991"/>
</testsuite> <!-- academiatestcases.TC02ProgramTestCases -->
