<?xml version="1.0" encoding="UTF-8"?>
<!-- Generated by org.testng.reporters.JUnitReportReporter -->
<testsuite hostname="SSPL-LPTP-374" failures="0" tests="5" name="academiatestcases.TC01AlumniNewsFeedValidation" time="8.512" errors="0" timestamp="2025-05-13T11:11:41 IST" skipped="1">
  <testcase classname="academiatestcases.TC01AlumniNewsFeedValidation" name="postalumninewsandfeeds" time="4.694"/>
  <testcase classname="academiatestcases.TC01AlumniNewsFeedValidation" name="editalumninewsandfeeds" time="1.934"/>
  <testcase classname="academiatestcases.TC01AlumniNewsFeedValidation" name="searchalumninewsandfeeds" time="1.194"/>
  <testcase classname="academiatestcases.TC01AlumniNewsFeedValidation" name="validatealumninewsandfeeds" time="0.690"/>
  <testcase classname="academiatestcases.TC01AlumniNewsFeedValidation" name="deletealumninewsandfeeds">
    <skipped/>
  </testcase> <!-- deletealumninewsandfeeds -->
</testsuite> <!-- academiatestcases.TC01AlumniNewsFeedValidation -->
