<?xml version="1.0" encoding="UTF-8"?>
<!-- Generated by org.testng.reporters.JUnitReportReporter -->
<testsuite hostname="SSPL-LPTP-374" failures="0" tests="4" name="academiatestcases.TC02ProgramTestCases" time="5.246" errors="0" timestamp="2025-05-13T15:44:43 IST" skipped="0">
  <testcase classname="academiatestcases.TC02ProgramTestCases" name="creatNewProgramBatch" time="0.552"/>
  <testcase classname="academiatestcases.TC02ProgramTestCases" name="creatSeatcType" time="0.480"/>
  <testcase classname="academiatestcases.TC02ProgramTestCases" name="creatNewProgram" time="3.073"/>
  <testcase classname="academiatestcases.TC02ProgramTestCases" name="programSearch" time="1.141"/>
</testsuite> <!-- academiatestcases.TC02ProgramTestCases -->
