<?xml version="1.0" encoding="UTF-8"?>
<!-- Generated by org.testng.reporters.JUnitReportReporter -->
<testsuite hostname="SSPL-LPTP-384" failures="0" tests="2" name="academiatestcases.TC02ProgramTestCases" time="3.627" errors="0" timestamp="2025-05-13T15:25:03 IST" skipped="0">
  <testcase classname="academiatestcases.TC02ProgramTestCases" name="programSearch" time="0.979"/>
  <testcase classname="academiatestcases.TC02ProgramTestCases" name="creatNewProgram" time="2.648"/>
</testsuite> <!-- academiatestcases.TC02ProgramTestCases -->
