<?xml version="1.0" encoding="UTF-8"?>
<!-- Generated by org.testng.reporters.JUnitReportReporter -->
<<<<<<< HEAD
<<<<<<< HEAD
<testsuite hostname="SSPL-LPTP-384" failures="0" tests="3" name="academiatestcases.TC02ProgramTestCases" time="4.719" errors="0" timestamp="2025-05-13T16:46:18 IST" skipped="0">
  <testcase classname="academiatestcases.TC02ProgramTestCases" name="programSearch" time="1.124"/>
  <testcase classname="academiatestcases.TC02ProgramTestCases" name="creatNewProgram" time="1.238"/>
  <testcase classname="academiatestcases.TC02ProgramTestCases" name="creatNewCourse" time="2.357"/>
</testsuite> <!-- academiatestcases.TC02ProgramTestCases -->
=======
<testsuite hostname="SSPL-LPTP-374" failures="0" tests="4" name="academiatestcases.TC02ProgramTestCases" time="5.246" errors="0" timestamp="2025-05-13T15:44:43 IST" skipped="0">
  <testcase classname="academiatestcases.TC02ProgramTestCases" name="creatNewProgramBatch" time="0.552"/>
  <testcase classname="academiatestcases.TC02ProgramTestCases" name="creatSeatcType" time="0.480"/>
  <testcase classname="academiatestcases.TC02ProgramTestCases" name="creatNewProgram" time="3.073"/>
  <testcase classname="academiatestcases.TC02ProgramTestCases" name="programSearch" time="1.141"/>
=======
<testsuite hostname="SSPL-LPTP-374" failures="0" tests="5" name="academiatestcases.TC02ProgramTestCases" time="5.029" errors="0" timestamp="2025-05-13T16:40:41 IST" skipped="0">
  <testcase classname="academiatestcases.TC02ProgramTestCases" name="creatNewProgram" time="2.443"/>
  <testcase classname="academiatestcases.TC02ProgramTestCases" name="creatSeatcType" time="0.497"/>
  <testcase classname="academiatestcases.TC02ProgramTestCases" name="creatNewProgramBatch" time="0.569"/>
  <testcase classname="academiatestcases.TC02ProgramTestCases" name="creatPeriod" time="0.508"/>
  <testcase classname="academiatestcases.TC02ProgramTestCases" name="programSearch" time="1.012"/>
>>>>>>> ae53571777615f3a68dc2b8039cb1d66dadce278
</testsuite> <!-- academiatestcases.TC02ProgramTestCases -->
>>>>>>> ba83143c07fcd932af50fd61654960de36cd40a9
