<?xml version="1.0" encoding="UTF-8"?>
<!-- Generated by org.testng.reporters.JUnitReportReporter -->
<testsuite hostname="SSPL-LPTP-374" failures="0" tests="5" name="academiatestcases.TC01AlumniNewsFeedValidation" time="4.239" errors="0" timestamp="2025-05-13T13:06:50 IST" skipped="1">
  <testcase classname="academiatestcases.TC01AlumniNewsFeedValidation" name="searchalumninewsandfeeds" time="0.994"/>
  <testcase classname="academiatestcases.TC01AlumniNewsFeedValidation" name="validatealumninewsandfeeds" time="0.577"/>
  <testcase classname="academiatestcases.TC01AlumniNewsFeedValidation" name="editalumninewsandfeeds" time="0.562"/>
  <testcase classname="academiatestcases.TC01AlumniNewsFeedValidation" name="postalumninewsandfeeds" time="2.106"/>
  <testcase classname="academiatestcases.TC01AlumniNewsFeedValidation" name="deletealumninewsandfeeds">
    <skipped/>
  </testcase> <!-- deletealumninewsandfeeds -->
</testsuite> <!-- academiatestcases.TC01AlumniNewsFeedValidation -->
