<?xml version="1.0" encoding="UTF-8"?>
<!-- Generated by org.testng.reporters.JUnitReportReporter -->
<testsuite hostname="SSPL-LPTP-374" failures="0" tests="5" name="academiatestcases.TC02ProgramTestCases" time="5.029" errors="0" timestamp="2025-05-13T16:40:41 IST" skipped="0">
  <testcase classname="academiatestcases.TC02ProgramTestCases" name="creatNewProgram" time="2.443"/>
  <testcase classname="academiatestcases.TC02ProgramTestCases" name="creatSeatcType" time="0.497"/>
  <testcase classname="academiatestcases.TC02ProgramTestCases" name="creatNewProgramBatch" time="0.569"/>
  <testcase classname="academiatestcases.TC02ProgramTestCases" name="creatPeriod" time="0.508"/>
  <testcase classname="academiatestcases.TC02ProgramTestCases" name="programSearch" time="1.012"/>
</testsuite> <!-- academiatestcases.TC02ProgramTestCases -->
