<?xml version="1.0" encoding="UTF-8"?>
<!-- Generated by org.testng.reporters.JUnitReportReporter -->
<testsuite hostname="SSPL-LPTP-374" failures="0" tests="2" name="librarytestcases.AddBookPostAPIDataProvider" time="1.813" errors="0" timestamp="2025-05-01T16:00:17 IST" skipped="0">
  <testcase classname="librarytestcases.AddBookPostAPIDataProvider" name="addbook" time="1.682"/>
  <testcase classname="librarytestcases.AddBookPostAPIDataProvider" name="addbook" time="0.131"/>
</testsuite> <!-- librarytestcases.AddBookPostAPIDataProvider -->
